2025.04.27 20:53:12 INFO  Started: Metals version 1.5.2 in folders '/Users/amaroo/Desktop/chisel/rv32-single-cycle' for client Visual Studio Code 1.99.3.
Apr 28, 2025 11:05:49 AM org.eclipse.lsp4j.jsonrpc.services.GenericEndpoint notify
INFO: Unsupported notification method: $/setTrace
Apr 28, 2025 11:19:02 AM org.eclipse.lsp4j.jsonrpc.services.GenericEndpoint notify
INFO: Unsupported notification method: $/setTrace
2025.04.28 12:18:03 INFO  Shutting down server
2025.04.28 12:18:03 INFO  shutting down Metals
2025.04.28 12:18:03 INFO  Exiting server
2025.04.28 12:18:04 ERROR Unexpected error initializing server: 
org.eclipse.lsp4j.jsonrpc.ResponseErrorException: Request window/showMessageRequest failed with message: Canceled
	at org.eclipse.lsp4j.jsonrpc.RemoteEndpoint.handleResponse(RemoteEndpoint.java:220)
	at org.eclipse.lsp4j.jsonrpc.RemoteEndpoint.consume(RemoteEndpoint.java:204)
	at org.eclipse.lsp4j.jsonrpc.json.StreamMessageProducer.handleMessage(StreamMessageProducer.java:185)
	at org.eclipse.lsp4j.jsonrpc.json.StreamMessageProducer.listen(StreamMessageProducer.java:97)
	at org.eclipse.lsp4j.jsonrpc.json.ConcurrentMessageProcessor.run(ConcurrentMessageProcessor.java:114)
	at java.util.concurrent.Executors$RunnableAdapter.call(Executors.java:539)
	at java.util.concurrent.FutureTask.run(FutureTask.java:264)
	at java.util.concurrent.ThreadPoolExecutor.runWorker(ThreadPoolExecutor.java:1136)
	at java.util.concurrent.ThreadPoolExecutor$Worker.run(ThreadPoolExecutor.java:635)
	at java.lang.Thread.run(Thread.java:840)

2025.04.28 13:43:39 INFO  Started: Metals version 1.5.2 in folders '/Users/amaroo/Desktop/chisel/rv32-single-cycle' for client Visual Studio Code 1.99.3.
2025.04.28 14:37:11 INFO  Shutting down server
2025.04.28 14:37:11 INFO  shutting down Metals
2025.04.28 14:37:11 INFO  Exiting server
2025.04.28 15:24:23 INFO  Started: Metals version 1.5.2 in folders '/Users/amaroo/Desktop/chisel/rv32-single-cycle' for client Visual Studio Code 1.99.3.
2025.04.28 17:29:33 INFO  Shutting down server
2025.04.28 17:29:33 INFO  shutting down Metals
2025.04.28 17:29:33 INFO  Exiting server
2025.04.28 17:29:57 INFO  Started: Metals version 1.5.2 in folders '/Users/amaroo/Desktop/chisel/rv32-single-cycle' for client Visual Studio Code 1.99.3.
